{
  "RSpec": {
    "coverage": {
      "/Users/campuscode6/workspace/hope2us/app/helpers/application_helper.rb": [
        1,
        null
      ],
      "/Users/campuscode6/workspace/hope2us/app/models/item.rb": [
        1,
        null
      ],
      "/Users/campuscode6/workspace/hope2us/app/models/application_record.rb": [
        1,
        1,
        null
      ],
      "/Users/campuscode6/workspace/hope2us/app/controllers/donations_controller.rb": [
        1,
        1,
        1,
        null,
        null
      ],
      "/Users/campuscode6/workspace/hope2us/app/controllers/application_controller.rb": [
        1,
        1,
        null
      ],
      "/Users/campuscode6/workspace/hope2us/app/channels/application_cable/channel.rb": [
        0,
        0,
        0,
        0
      ],
      "/Users/campuscode6/workspace/hope2us/app/channels/application_cable/connection.rb": [
        0,
        0,
        0,
        0
      ],
      "/Users/campuscode6/workspace/hope2us/app/controllers/home_controller.rb": [
        0,
        0,
        0,
        0
      ],
      "/Users/campuscode6/workspace/hope2us/app/jobs/application_job.rb": [
        0,
        0
      ],
      "/Users/campuscode6/workspace/hope2us/app/mailers/application_mailer.rb": [
        0,
        0,
        0,
        0
      ]
    },
    "timestamp": 1480980024
  }
}
